Info: Nothing to build for RedBlack-EC
21:14:42 **** Incremental Build of configuration Debug for project RedBlack-EC ****
Info: Internal Builder is used for build
g++ -O0 -g3 -Wall -c -fmessage-length=0 -o main.o "..\\main.cpp" 
In file included from ..\main.cpp:7:0:
..\RedBlackTree.h: In member function 'void RBtree::insert()':
..\RedBlackTree.h:48:12: warning: unused variable 'i' [-Wunused-variable]
      int z,i=0;
            ^
..\RedBlackTree.h: In member function 'void RBtree::delfix(node*)':
..\RedBlackTree.h:259:44: warning: statement has no effect [-Wunused-value]
                              s->left->color=='b';
                                            ^
g++ -o RedBlack-EC.exe main.o 
Info: Nothing to build for RedBlack-EC
21:24:28 **** Incremental Build of configuration Debug for project RedBlack-EC ****
Info: Internal Builder is used for build
g++ -O0 -g3 -Wall -c -fmessage-length=0 -o main.o "..\\main.cpp" 
In file included from ..\main.cpp:7:0:
..\RedBlackTree.h: In member function 'void RBtree::insert()':
..\RedBlackTree.h:48:12: warning: unused variable 'i' [-Wunused-variable]
      int z,i=0;
            ^
..\RedBlackTree.h: In member function 'void RBtree::delfix(node*)':
..\RedBlackTree.h:248:44: warning: statement has no effect [-Wunused-value]
                              s->left->color=='b';
                                            ^
g++ -o RedBlack-EC.exe main.o 
Info: Nothing to build for RedBlack-EC
21:25:56 **** Incremental Build of configuration Debug for project RedBlack-EC ****
Info: Internal Builder is used for build
g++ -O0 -g3 -Wall -c -fmessage-length=0 -o main.o "..\\main.cpp" 
In file included from ..\main.cpp:7:0:
..\RedBlackTree.h: In member function 'void RBtree::insert(int)':
..\RedBlackTree.h:48:10: warning: unused variable 'i' [-Wunused-variable]
      int i=0;
          ^
..\RedBlackTree.h: In member function 'void RBtree::delfix(node*)':
..\RedBlackTree.h:246:44: warning: statement has no effect [-Wunused-value]
                              s->left->color=='b';
                                            ^
g++ -o RedBlack-EC.exe main.o 
Info: Nothing to build for RedBlack-EC
21:27:18 **** Incremental Build of configuration Debug for project RedBlack-EC ****
Info: Internal Builder is used for build
g++ -O0 -g3 -Wall -c -fmessage-length=0 -o main.o "..\\main.cpp" 
In file included from ..\main.cpp:7:0:
..\RedBlackTree.h: In member function 'void RBtree::insert(int)':
..\RedBlackTree.h:48:10: warning: unused variable 'i' [-Wunused-variable]
      int i=0;
          ^
..\RedBlackTree.h: In member function 'void RBtree::delfix(node*)':
..\RedBlackTree.h:246:44: warning: statement has no effect [-Wunused-value]
                              s->left->color=='b';
                                            ^
g++ -o RedBlack-EC.exe main.o 
Info: Nothing to build for RedBlack-EC
21:27:36 **** Incremental Build of configuration Debug for project RedBlack-EC ****
Info: Internal Builder is used for build
g++ -O0 -g3 -Wall -c -fmessage-length=0 -o main.o "..\\main.cpp" 
In file included from ..\main.cpp:7:0:
..\RedBlackTree.h: In member function 'void RBtree::insert(int)':
..\RedBlackTree.h:48:10: warning: unused variable 'i' [-Wunused-variable]
      int i=0;
          ^
..\RedBlackTree.h: In member function 'void RBtree::delfix(node*)':
..\RedBlackTree.h:246:44: warning: statement has no effect [-Wunused-value]
                              s->left->color=='b';
                                            ^
g++ -o RedBlack-EC.exe main.o 
22:13:40 **** Incremental Build of configuration Debug for project RedBlack-EC ****
Info: Internal Builder is used for build
g++ -O0 -g3 -Wall -c -fmessage-length=0 -o main.o "..\\main.cpp" 
In file included from ..\main.cpp:7:0:
..\RedBlackTree.h: In member function 'void RBtree::insert(int)':
..\RedBlackTree.h:51:10: warning: unused variable 'i' [-Wunused-variable]
      int i=0;
          ^
..\RedBlackTree.h: In member function 'void RBtree::delfix(node*)':
..\RedBlackTree.h:249:44: warning: statement has no effect [-Wunused-value]
                              s->left->color=='b';
                                            ^
g++ -o RedBlack-EC.exe main.o 
Info: Nothing to build for RedBlack-EC
Info: Nothing to build for RedBlack-EC
22:15:14 **** Incremental Build of configuration Debug for project RedBlack-EC ****
Info: Internal Builder is used for build
g++ -O0 -g3 -Wall -c -fmessage-length=0 -o main.o "..\\main.cpp" 
In file included from ..\RedBlackTree.h:12:0,
                 from ..\main.cpp:7:
..\BSTprinter.h:26:17: error: 'node' has not been declared
  void printNode(node * root) {
                 ^
..\BSTprinter.h:34:39: error: 'node' was not declared in this scope
  void printNodeInternal( std::vector< node *> nodes, int level, int maxLevel) {
                                       ^
..\BSTprinter.h:34:45: error: template argument 1 is invalid
  void printNodeInternal( std::vector< node *> nodes, int level, int maxLevel) {
                                             ^
..\BSTprinter.h:34:45: error: template argument 2 is invalid
..\BSTprinter.h:95:18: error: 'node' has not been declared
     int maxLevel(node * node) {
                  ^
..\BSTprinter.h:102:40: error: 'node' was not declared in this scope
     bool isAllElementsNull(std::vector<node*> list) {
                                        ^
..\BSTprinter.h:102:45: error: template argument 1 is invalid
     bool isAllElementsNull(std::vector<node*> list) {
                                             ^
..\BSTprinter.h:102:45: error: template argument 2 is invalid
..\BSTprinter.h: In member function 'void BTreePrinter<type>::printNode(int*)':
..\BSTprinter.h:28:16: error: 'node' was not declared in this scope
   std::vector< node * > rootVect;
                ^
..\BSTprinter.h:28:23: error: template argument 1 is invalid
   std::vector< node * > rootVect;
                       ^
..\BSTprinter.h:28:23: error: template argument 2 is invalid
..\BSTprinter.h:28:33: error: invalid type in declaration before ';' token
   std::vector< node * > rootVect;
                                 ^
..\BSTprinter.h:29:12: error: request for member 'push_back' in 'rootVect', which is of non-class type 'int'
   rootVect.push_back(root);
            ^
..\BSTprinter.h: In member function 'void BTreePrinter<type>::printNodeInternal(int, int, int)':
..\BSTprinter.h:35:19: error: request for member 'empty' in 'nodes', which is of non-class type 'int'
         if (nodes.empty() || isAllElementsNull(nodes))
                   ^
..\BSTprinter.h:45:22: error: 'node' was not declared in this scope
         std::vector< node*> newNodes;
                      ^
..\BSTprinter.h:45:27: error: template argument 1 is invalid
         std::vector< node*> newNodes;
                           ^
..\BSTprinter.h:45:27: error: template argument 2 is invalid
..\BSTprinter.h:45:37: error: invalid type in declaration before ';' token
         std::vector< node*> newNodes;
                                     ^
..\BSTprinter.h:46:35: error: request for member 'size' in 'nodes', which is of non-class type 'int'
         for (int i = 0; i < nodes.size(); i++) {
                                   ^
..\BSTprinter.h:47:24: error: invalid types 'int[int]' for array subscript
             if (nodes[i] != NULL) {
                        ^
..\BSTprinter.h:48:37: error: invalid types 'int[int]' for array subscript
                 std::cout << nodes[i]->key;
                                     ^
..\BSTprinter.h:49:26: error: request for member 'push_back' in 'newNodes', which is of non-class type 'int'
                 newNodes.push_back(nodes[i]->left);
                          ^
..\BSTprinter.h:49:43: error: invalid types 'int[int]' for array subscript
                 newNodes.push_back(nodes[i]->left);
                                           ^
..\BSTprinter.h:50:26: error: request for member 'push_back' in 'newNodes', which is of non-class type 'int'
                 newNodes.push_back(nodes[i]->right);
                          ^
..\BSTprinter.h:50:43: error: invalid types 'int[int]' for array subscript
                 newNodes.push_back(nodes[i]->right);
                                           ^
..\BSTprinter.h:52:26: error: request for member 'push_back' in 'newNodes', which is of non-class type 'int'
                 newNodes.push_back(NULL);
                          ^
..\BSTprinter.h:53:26: error: request for member 'push_back' in 'newNodes', which is of non-class type 'int'
                 newNodes.push_back(NULL);
                          ^
..\BSTprinter.h:62:39: error: request for member 'size' in 'nodes', which is of non-class type 'int'
             for (int j = 0; j < nodes.size(); j++) {
                                       ^
..\BSTprinter.h:64:28: error: invalid types 'int[int]' for array subscript
                 if (nodes[j] == NULL) {
                            ^
..\BSTprinter.h:69:28: error: invalid types 'int[int]' for array subscript
                 if (nodes[j]->left != NULL)
                            ^
..\BSTprinter.h:76:28: error: invalid types 'int[int]' for array subscript
                 if (nodes[j]->right != NULL)
                            ^
..\BSTprinter.h: In member function 'int BTreePrinter<type>::maxLevel(int*)':
..\BSTprinter.h:99:40: error: request for member 'left' in 'node->', which is of non-class type 'int'
         return std::max(maxLevel(node->left), maxLevel(node->right)) + 1;
                                        ^
..\BSTprinter.h:99:62: error: request for member 'right' in 'node->', which is of non-class type 'int'
         return std::max(maxLevel(node->left), maxLevel(node->right)) + 1;
                                                              ^
..\BSTprinter.h: In member function 'bool BTreePrinter<type>::isAllElementsNull(int)':
..\BSTprinter.h:103:34: error: request for member 'size' in 'list', which is of non-class type 'int'
         for (int i = 0; i < list.size(); i++) {
                                  ^
..\BSTprinter.h:104:23: error: invalid types 'int[int]' for array subscript
             if (list[i] != NULL)
                       ^
In file included from ..\main.cpp:7:0:
..\RedBlackTree.h: In member function 'void RBtree::insert(int)':
..\RedBlackTree.h:49:10: warning: unused variable 'i' [-Wunused-variable]
      int i=0;
          ^
..\RedBlackTree.h: In member function 'void RBtree::delfix(node*)':
..\RedBlackTree.h:247:44: warning: statement has no effect [-Wunused-value]
                              s->left->color=='b';
                                            ^
22:16:02 **** Incremental Build of configuration Debug for project RedBlack-EC ****
Info: Internal Builder is used for build
g++ -O0 -g3 -Wall -c -fmessage-length=0 -o main.o "..\\main.cpp" 
In file included from ..\RedBlackTree.h:12:0,
                 from ..\main.cpp:7:
..\BSTprinter.h:26:17: error: 'node' has not been declared
  void printNode(node * root) {
                 ^
..\BSTprinter.h:34:39: error: 'node' was not declared in this scope
  void printNodeInternal( std::vector< node *> nodes, int level, int maxLevel) {
                                       ^
..\BSTprinter.h:34:45: error: template argument 1 is invalid
  void printNodeInternal( std::vector< node *> nodes, int level, int maxLevel) {
                                             ^
..\BSTprinter.h:34:45: error: template argument 2 is invalid
..\BSTprinter.h:95:18: error: 'node' has not been declared
     int maxLevel(node * node) {
                  ^
..\BSTprinter.h:102:40: error: 'node' was not declared in this scope
     bool isAllElementsNull(std::vector<node*> list) {
                                        ^
..\BSTprinter.h:102:45: error: template argument 1 is invalid
     bool isAllElementsNull(std::vector<node*> list) {
                                             ^
..\BSTprinter.h:102:45: error: template argument 2 is invalid
..\BSTprinter.h: In member function 'void BTreePrinter<type>::printNode(int*)':
..\BSTprinter.h:28:16: error: 'node' was not declared in this scope
   std::vector< node * > rootVect;
                ^
..\BSTprinter.h:28:23: error: template argument 1 is invalid
   std::vector< node * > rootVect;
                       ^
..\BSTprinter.h:28:23: error: template argument 2 is invalid
..\BSTprinter.h:28:33: error: invalid type in declaration before ';' token
   std::vector< node * > rootVect;
                                 ^
..\BSTprinter.h:29:12: error: request for member 'push_back' in 'rootVect', which is of non-class type 'int'
   rootVect.push_back(root);
            ^
..\BSTprinter.h: In member function 'void BTreePrinter<type>::printNodeInternal(int, int, int)':
..\BSTprinter.h:35:19: error: request for member 'empty' in 'nodes', which is of non-class type 'int'
         if (nodes.empty() || isAllElementsNull(nodes))
                   ^
..\BSTprinter.h:45:22: error: 'node' was not declared in this scope
         std::vector< node*> newNodes;
                      ^
..\BSTprinter.h:45:27: error: template argument 1 is invalid
         std::vector< node*> newNodes;
                           ^
..\BSTprinter.h:45:27: error: template argument 2 is invalid
..\BSTprinter.h:45:37: error: invalid type in declaration before ';' token
         std::vector< node*> newNodes;
                                     ^
..\BSTprinter.h:46:35: error: request for member 'size' in 'nodes', which is of non-class type 'int'
         for (int i = 0; i < nodes.size(); i++) {
                                   ^
..\BSTprinter.h:47:24: error: invalid types 'int[int]' for array subscript
             if (nodes[i] != NULL) {
                        ^
..\BSTprinter.h:48:37: error: invalid types 'int[int]' for array subscript
                 std::cout << nodes[i]->key;
                                     ^
..\BSTprinter.h:49:26: error: request for member 'push_back' in 'newNodes', which is of non-class type 'int'
                 newNodes.push_back(nodes[i]->left);
                          ^
..\BSTprinter.h:49:43: error: invalid types 'int[int]' for array subscript
                 newNodes.push_back(nodes[i]->left);
                                           ^
..\BSTprinter.h:50:26: error: request for member 'push_back' in 'newNodes', which is of non-class type 'int'
                 newNodes.push_back(nodes[i]->right);
                          ^
..\BSTprinter.h:50:43: error: invalid types 'int[int]' for array subscript
                 newNodes.push_back(nodes[i]->right);
                                           ^
..\BSTprinter.h:52:26: error: request for member 'push_back' in 'newNodes', which is of non-class type 'int'
                 newNodes.push_back(NULL);
                          ^
..\BSTprinter.h:53:26: error: request for member 'push_back' in 'newNodes', which is of non-class type 'int'
                 newNodes.push_back(NULL);
                          ^
..\BSTprinter.h:62:39: error: request for member 'size' in 'nodes', which is of non-class type 'int'
             for (int j = 0; j < nodes.size(); j++) {
                                       ^
..\BSTprinter.h:64:28: error: invalid types 'int[int]' for array subscript
                 if (nodes[j] == NULL) {
                            ^
..\BSTprinter.h:69:28: error: invalid types 'int[int]' for array subscript
                 if (nodes[j]->left != NULL)
                            ^
..\BSTprinter.h:76:28: error: invalid types 'int[int]' for array subscript
                 if (nodes[j]->right != NULL)
                            ^
..\BSTprinter.h: In member function 'int BTreePrinter<type>::maxLevel(int*)':
..\BSTprinter.h:99:40: error: request for member 'left' in 'node->', which is of non-class type 'int'
         return std::max(maxLevel(node->left), maxLevel(node->right)) + 1;
                                        ^
..\BSTprinter.h:99:62: error: request for member 'right' in 'node->', which is of non-class type 'int'
         return std::max(maxLevel(node->left), maxLevel(node->right)) + 1;
                                                              ^
..\BSTprinter.h: In member function 'bool BTreePrinter<type>::isAllElementsNull(int)':
..\BSTprinter.h:103:34: error: request for member 'size' in 'list', which is of non-class type 'int'
         for (int i = 0; i < list.size(); i++) {
                                  ^
..\BSTprinter.h:104:23: error: invalid types 'int[int]' for array subscript
             if (list[i] != NULL)
                       ^
In file included from ..\main.cpp:7:0:
..\RedBlackTree.h: In member function 'void RBtree::insert(int)':
..\RedBlackTree.h:49:10: warning: unused variable 'i' [-Wunused-variable]
      int i=0;
          ^
..\RedBlackTree.h: In member function 'void RBtree::delfix(node*)':
..\RedBlackTree.h:247:44: warning: statement has no effect [-Wunused-value]
                              s->left->color=='b';
                                            ^
14:45:19 **** Incremental Build of configuration Debug for project RedBlack-EC ****
Info: Internal Builder is used for build
g++ -O0 -g3 -Wall -c -fmessage-length=0 -o PrintHeader.o "..\\PrintHeader.cpp" 
g++ -O0 -g3 -Wall -c -fmessage-length=0 -o main.o "..\\main.cpp" 
In file included from ..\RedBlackTree.h:12:0,
                 from ..\main.cpp:7:
..\BSTprinter.h:26:17: error: 'node' has not been declared
  void printNode(node * root) {
                 ^
..\BSTprinter.h:34:39: error: 'node' was not declared in this scope
  void printNodeInternal( std::vector< node *> nodes, int level, int maxLevel) {
                                       ^
..\BSTprinter.h:34:45: error: template argument 1 is invalid
  void printNodeInternal( std::vector< node *> nodes, int level, int maxLevel) {
                                             ^
..\BSTprinter.h:34:45: error: template argument 2 is invalid
..\BSTprinter.h:95:18: error: 'node' has not been declared
     int maxLevel(node * node) {
                  ^
..\BSTprinter.h:102:40: error: 'node' was not declared in this scope
     bool isAllElementsNull(std::vector<node*> list) {
                                        ^
..\BSTprinter.h:102:45: error: template argument 1 is invalid
     bool isAllElementsNull(std::vector<node*> list) {
                                             ^
..\BSTprinter.h:102:45: error: template argument 2 is invalid
..\BSTprinter.h: In member function 'void BTreePrinter<type>::printNode(int*)':
..\BSTprinter.h:28:16: error: 'node' was not declared in this scope
   std::vector< node * > rootVect;
                ^
..\BSTprinter.h:28:23: error: template argument 1 is invalid
   std::vector< node * > rootVect;
                       ^
..\BSTprinter.h:28:23: error: template argument 2 is invalid
..\BSTprinter.h:28:33: error: invalid type in declaration before ';' token
   std::vector< node * > rootVect;
                                 ^
..\BSTprinter.h:29:12: error: request for member 'push_back' in 'rootVect', which is of non-class type 'int'
   rootVect.push_back(root);
            ^
..\BSTprinter.h: In member function 'void BTreePrinter<type>::printNodeInternal(int, int, int)':
..\BSTprinter.h:35:19: error: request for member 'empty' in 'nodes', which is of non-class type 'int'
         if (nodes.empty() || isAllElementsNull(nodes))
                   ^
..\BSTprinter.h:45:22: error: 'node' was not declared in this scope
         std::vector< node*> newNodes;
                      ^
..\BSTprinter.h:45:27: error: template argument 1 is invalid
         std::vector< node*> newNodes;
                           ^
..\BSTprinter.h:45:27: error: template argument 2 is invalid
..\BSTprinter.h:45:37: error: invalid type in declaration before ';' token
         std::vector< node*> newNodes;
                                     ^
..\BSTprinter.h:46:35: error: request for member 'size' in 'nodes', which is of non-class type 'int'
         for (int i = 0; i < nodes.size(); i++) {
                                   ^
..\BSTprinter.h:47:24: error: invalid types 'int[int]' for array subscript
             if (nodes[i] != NULL) {
                        ^
..\BSTprinter.h:48:37: error: invalid types 'int[int]' for array subscript
                 std::cout << nodes[i]->key;
                                     ^
..\BSTprinter.h:49:26: error: request for member 'push_back' in 'newNodes', which is of non-class type 'int'
                 newNodes.push_back(nodes[i]->left);
                          ^
..\BSTprinter.h:49:43: error: invalid types 'int[int]' for array subscript
                 newNodes.push_back(nodes[i]->left);
                                           ^
..\BSTprinter.h:50:26: error: request for member 'push_back' in 'newNodes', which is of non-class type 'int'
                 newNodes.push_back(nodes[i]->right);
                          ^
..\BSTprinter.h:50:43: error: invalid types 'int[int]' for array subscript
                 newNodes.push_back(nodes[i]->right);
                                           ^
..\BSTprinter.h:52:26: error: request for member 'push_back' in 'newNodes', which is of non-class type 'int'
                 newNodes.push_back(NULL);
                          ^
..\BSTprinter.h:53:26: error: request for member 'push_back' in 'newNodes', which is of non-class type 'int'
                 newNodes.push_back(NULL);
                          ^
..\BSTprinter.h:62:39: error: request for member 'size' in 'nodes', which is of non-class type 'int'
             for (int j = 0; j < nodes.size(); j++) {
                                       ^
..\BSTprinter.h:64:28: error: invalid types 'int[int]' for array subscript
                 if (nodes[j] == NULL) {
                            ^
..\BSTprinter.h:69:28: error: invalid types 'int[int]' for array subscript
                 if (nodes[j]->left != NULL)
                            ^
..\BSTprinter.h:76:28: error: invalid types 'int[int]' for array subscript
                 if (nodes[j]->right != NULL)
                            ^
..\BSTprinter.h: In member function 'int BTreePrinter<type>::maxLevel(int*)':
..\BSTprinter.h:99:40: error: request for member 'left' in 'node->', which is of non-class type 'int'
         return std::max(maxLevel(node->left), maxLevel(node->right)) + 1;
                                        ^
..\BSTprinter.h:99:62: error: request for member 'right' in 'node->', which is of non-class type 'int'
         return std::max(maxLevel(node->left), maxLevel(node->right)) + 1;
                                                              ^
..\BSTprinter.h: In member function 'bool BTreePrinter<type>::isAllElementsNull(int)':
..\BSTprinter.h:103:34: error: request for member 'size' in 'list', which is of non-class type 'int'
         for (int i = 0; i < list.size(); i++) {
                                  ^
..\BSTprinter.h:104:23: error: invalid types 'int[int]' for array subscript
             if (list[i] != NULL)
                       ^
In file included from ..\main.cpp:7:0:
..\RedBlackTree.h: In member function 'void RBtree::insert(int)':
..\RedBlackTree.h:42:10: warning: unused variable 'i' [-Wunused-variable]
      int i=0;
          ^
..\RedBlackTree.h: In member function 'void RBtree::delfix(node*)':
..\RedBlackTree.h:240:44: warning: statement has no effect [-Wunused-value]
                              s->left->color=='b';
                                            ^
14:45:59 **** Incremental Build of configuration Debug for project RedBlack-EC ****
Info: Internal Builder is used for build
g++ -O0 -g3 -Wall -c -fmessage-length=0 -o Fill.o "..\\Fill.cpp" 
g++ -O0 -g3 -Wall -c -fmessage-length=0 -o main.o "..\\main.cpp" 
In file included from ..\main.cpp:7:0:
..\RedBlackTree.h: In member function 'void RBtree::insert(int)':
..\RedBlackTree.h:42:10: warning: unused variable 'i' [-Wunused-variable]
      int i=0;
          ^
..\RedBlackTree.h: In member function 'void RBtree::delfix(node*)':
..\RedBlackTree.h:240:44: warning: statement has no effect [-Wunused-value]
                              s->left->color=='b';
                                            ^
g++ -O0 -g3 -Wall -c -fmessage-length=0 -o InstructionsHeader.o "..\\InstructionsHeader.cpp" 
g++ -o RedBlack-EC.exe Fill.o InstructionsHeader.o PrintHeader.o main.o 
14:47:09 **** Incremental Build of configuration Debug for project RedBlack-EC ****
Info: Internal Builder is used for build
g++ -O0 -g3 -Wall -c -fmessage-length=0 -o main.o "..\\main.cpp" 
In file included from ..\main.cpp:7:0:
..\RedBlackTree.h: In member function 'void RBtree::insert(int)':
..\RedBlackTree.h:41:10: warning: unused variable 'i' [-Wunused-variable]
      int i=0;
          ^
..\RedBlackTree.h: In member function 'void RBtree::delfix(node*)':
..\RedBlackTree.h:239:44: warning: statement has no effect [-Wunused-value]
                              s->left->color=='b';
                                            ^
..\RedBlackTree.h: In member function 'void RBtree::printTree()':
..\RedBlackTree.h:467:15: error: missing template arguments before 'myTree'
  BTreePrinter myTree;
               ^
..\RedBlackTree.h:467:15: error: expected ';' before 'myTree'
14:47:47 **** Incremental Build of configuration Debug for project RedBlack-EC ****
Info: Internal Builder is used for build
g++ -O0 -g3 -Wall -c -fmessage-length=0 -o main.o "..\\main.cpp" 
In file included from ..\main.cpp:7:0:
..\RedBlackTree.h: In member function 'void RBtree::insert(int)':
..\RedBlackTree.h:41:10: warning: unused variable 'i' [-Wunused-variable]
      int i=0;
          ^
..\RedBlackTree.h: In member function 'void RBtree::delfix(node*)':
..\RedBlackTree.h:239:44: warning: statement has no effect [-Wunused-value]
                              s->left->color=='b';
                                            ^
g++ -o RedBlack-EC.exe Fill.o InstructionsHeader.o PrintHeader.o main.o 
14:48:02 **** Incremental Build of configuration Debug for project RedBlack-EC ****
Info: Internal Builder is used for build
g++ -O0 -g3 -Wall -c -fmessage-length=0 -o main.o "..\\main.cpp" 
In file included from ..\main.cpp:7:0:
..\RedBlackTree.h: In member function 'void RBtree::insert(int)':
..\RedBlackTree.h:41:10: warning: unused variable 'i' [-Wunused-variable]
      int i=0;
          ^
..\RedBlackTree.h: In member function 'void RBtree::delfix(node*)':
..\RedBlackTree.h:239:44: warning: statement has no effect [-Wunused-value]
                              s->left->color=='b';
                                            ^
g++ -o RedBlack-EC.exe Fill.o InstructionsHeader.o PrintHeader.o main.o 
Info: Nothing to build for RedBlack-EC
14:49:20 **** Incremental Build of configuration Debug for project RedBlack-EC ****
Info: Internal Builder is used for build
g++ -O0 -g3 -Wall -c -fmessage-length=0 -o main.o "..\\main.cpp" 
In file included from ..\main.cpp:7:0:
..\RedBlackTree.h: In member function 'void RBtree::insert(int)':
..\RedBlackTree.h:41:10: warning: unused variable 'i' [-Wunused-variable]
      int i=0;
          ^
..\RedBlackTree.h: In member function 'void RBtree::delfix(node*)':
..\RedBlackTree.h:239:44: warning: statement has no effect [-Wunused-value]
                              s->left->color=='b';
                                            ^
g++ -o RedBlack-EC.exe Fill.o InstructionsHeader.o PrintHeader.o main.o 
Info: Nothing to build for RedBlack-EC
14:49:58 **** Incremental Build of configuration Debug for project RedBlack-EC ****
Info: Internal Builder is used for build
g++ -O0 -g3 -Wall -c -fmessage-length=0 -o main.o "..\\main.cpp" 
In file included from ..\main.cpp:7:0:
..\RedBlackTree.h: In member function 'void RBtree::insert(int)':
..\RedBlackTree.h:41:10: warning: unused variable 'i' [-Wunused-variable]
      int i=0;
          ^
..\RedBlackTree.h: In member function 'void RBtree::delfix(node*)':
..\RedBlackTree.h:239:44: warning: statement has no effect [-Wunused-value]
                              s->left->color=='b';
                                            ^
g++ -o RedBlack-EC.exe Fill.o InstructionsHeader.o PrintHeader.o main.o 
Info: Nothing to build for RedBlack-EC
14:50:23 **** Incremental Build of configuration Debug for project RedBlack-EC ****
Info: Internal Builder is used for build
g++ -O0 -g3 -Wall -c -fmessage-length=0 -o main.o "..\\main.cpp" 
In file included from ..\main.cpp:7:0:
..\RedBlackTree.h: In member function 'void RBtree::insert(int)':
..\RedBlackTree.h:41:10: warning: unused variable 'i' [-Wunused-variable]
      int i=0;
          ^
..\RedBlackTree.h: In member function 'void RBtree::delfix(node*)':
..\RedBlackTree.h:239:44: warning: statement has no effect [-Wunused-value]
                              s->left->color=='b';
                                            ^
g++ -o RedBlack-EC.exe Fill.o InstructionsHeader.o PrintHeader.o main.o 
14:50:37 **** Incremental Build of configuration Debug for project RedBlack-EC ****
Info: Internal Builder is used for build
g++ -O0 -g3 -Wall -c -fmessage-length=0 -o main.o "..\\main.cpp" 
In file included from ..\main.cpp:7:0:
..\RedBlackTree.h: In member function 'void RBtree::insert(int)':
..\RedBlackTree.h:41:10: warning: unused variable 'i' [-Wunused-variable]
      int i=0;
          ^
..\RedBlackTree.h: In member function 'void RBtree::delfix(node*)':
..\RedBlackTree.h:239:44: warning: statement has no effect [-Wunused-value]
                              s->left->color=='b';
                                            ^
g++ -o RedBlack-EC.exe Fill.o InstructionsHeader.o PrintHeader.o main.o 
Info: Nothing to build for RedBlack-EC
14:51:16 **** Incremental Build of configuration Debug for project RedBlack-EC ****
Info: Internal Builder is used for build
g++ -O0 -g3 -Wall -c -fmessage-length=0 -o main.o "..\\main.cpp" 
In file included from ..\main.cpp:7:0:
..\RedBlackTree.h: In member function 'void RBtree::insert(int)':
..\RedBlackTree.h:42:10: warning: unused variable 'i' [-Wunused-variable]
      int i=0;
          ^
..\RedBlackTree.h: In member function 'void RBtree::delfix(node*)':
..\RedBlackTree.h:240:44: warning: statement has no effect [-Wunused-value]
                              s->left->color=='b';
                                            ^
g++ -o RedBlack-EC.exe Fill.o InstructionsHeader.o PrintHeader.o main.o 
14:51:25 **** Incremental Build of configuration Debug for project RedBlack-EC ****
Info: Internal Builder is used for build
g++ -O0 -g3 -Wall -c -fmessage-length=0 -o main.o "..\\main.cpp" 
In file included from ..\main.cpp:7:0:
..\RedBlackTree.h: In member function 'void RBtree::insert(int)':
..\RedBlackTree.h:42:10: warning: unused variable 'i' [-Wunused-variable]
      int i=0;
          ^
..\RedBlackTree.h: In member function 'void RBtree::delfix(node*)':
..\RedBlackTree.h:240:44: warning: statement has no effect [-Wunused-value]
                              s->left->color=='b';
                                            ^
g++ -o RedBlack-EC.exe Fill.o InstructionsHeader.o PrintHeader.o main.o 
Info: Nothing to build for RedBlack-EC
14:52:01 **** Incremental Build of configuration Debug for project RedBlack-EC ****
Info: Internal Builder is used for build
g++ -O0 -g3 -Wall -c -fmessage-length=0 -o main.o "..\\main.cpp" 
In file included from ..\main.cpp:7:0:
..\RedBlackTree.h: In member function 'void RBtree::insert(int)':
..\RedBlackTree.h:42:10: warning: unused variable 'i' [-Wunused-variable]
      int i=0;
          ^
..\RedBlackTree.h: In member function 'void RBtree::delfix(node*)':
..\RedBlackTree.h:240:44: warning: statement has no effect [-Wunused-value]
                              s->left->color=='b';
                                            ^
g++ -o RedBlack-EC.exe Fill.o InstructionsHeader.o PrintHeader.o main.o 
14:55:17 **** Incremental Build of configuration Debug for project RedBlack-EC ****
Info: Internal Builder is used for build
g++ -O0 -g3 -Wall -c -fmessage-length=0 -o main.o "..\\main.cpp" 
In file included from ..\main.cpp:7:0:
..\RedBlackTree.h: In member function 'void RBtree::insert(int)':
..\RedBlackTree.h:42:10: warning: unused variable 'i' [-Wunused-variable]
      int i=0;
          ^
..\RedBlackTree.h: In member function 'void RBtree::delfix(node*)':
..\RedBlackTree.h:240:44: warning: statement has no effect [-Wunused-value]
                              s->left->color=='b';
                                            ^
g++ -o RedBlack-EC.exe Fill.o InstructionsHeader.o PrintHeader.o main.o 
Info: Nothing to build for RedBlack-EC
14:57:29 **** Incremental Build of configuration Debug for project RedBlack-EC ****
Info: Internal Builder is used for build
g++ -O0 -g3 -Wall -c -fmessage-length=0 -o main.o "..\\main.cpp" 
In file included from ..\main.cpp:7:0:
..\RedBlackTree.h: In member function 'void RBtree::insert(int)':
..\RedBlackTree.h:42:10: warning: unused variable 'i' [-Wunused-variable]
      int i=0;
          ^
..\RedBlackTree.h: In member function 'void RBtree::delfix(node*)':
..\RedBlackTree.h:240:44: warning: statement has no effect [-Wunused-value]
                              s->left->color=='b';
                                            ^
g++ -o RedBlack-EC.exe Fill.o InstructionsHeader.o PrintHeader.o main.o 
Info: Nothing to build for RedBlack-EC
15:01:54 **** Incremental Build of configuration Debug for project RedBlack-EC ****
Info: Internal Builder is used for build
g++ -O0 -g3 -Wall -c -fmessage-length=0 -o main.o "..\\main.cpp" 
In file included from ..\main.cpp:7:0:
..\RedBlackTree.h: In member function 'void RBtree::insert(int)':
..\RedBlackTree.h:42:10: warning: unused variable 'i' [-Wunused-variable]
      int i=0;
          ^
..\RedBlackTree.h: In member function 'void RBtree::delfix(node*)':
..\RedBlackTree.h:240:44: warning: statement has no effect [-Wunused-value]
                              s->left->color=='b';
                                            ^
..\main.cpp: In function 'int main()':
..\main.cpp:14:6: warning: unused variable 'dataAr' [-Wunused-variable]
  int dataAr[10];
      ^
g++ -o RedBlack-EC.exe Fill.o InstructionsHeader.o PrintHeader.o main.o 
Info: Nothing to build for RedBlack-EC
15:02:17 **** Incremental Build of configuration Debug for project RedBlack-EC ****
Info: Internal Builder is used for build
g++ -O0 -g3 -Wall -c -fmessage-length=0 -o main.o "..\\main.cpp" 
In file included from ..\main.cpp:7:0:
..\RedBlackTree.h: In member function 'void RBtree::insert(int)':
..\RedBlackTree.h:42:10: warning: unused variable 'i' [-Wunused-variable]
      int i=0;
          ^
..\RedBlackTree.h: In member function 'void RBtree::delfix(node*)':
..\RedBlackTree.h:240:44: warning: statement has no effect [-Wunused-value]
                              s->left->color=='b';
                                            ^
..\main.cpp: In function 'int main()':
..\main.cpp:14:6: warning: unused variable 'dataAr' [-Wunused-variable]
  int dataAr[10];
      ^
g++ -o RedBlack-EC.exe Fill.o InstructionsHeader.o PrintHeader.o main.o 
15:04:59 **** Incremental Build of configuration Debug for project RedBlack-EC ****
Info: Internal Builder is used for build
g++ -O0 -g3 -Wall -c -fmessage-length=0 -o main.o "..\\main.cpp" 
In file included from ..\main.cpp:7:0:
..\RedBlackTree.h: In member function 'void RBtree::insert(int)':
..\RedBlackTree.h:42:10: warning: unused variable 'i' [-Wunused-variable]
      int i=0;
          ^
..\RedBlackTree.h: In member function 'void RBtree::delfix(node*)':
..\RedBlackTree.h:240:44: warning: statement has no effect [-Wunused-value]
                              s->left->color=='b';
                                            ^
g++ -o RedBlack-EC.exe Fill.o InstructionsHeader.o PrintHeader.o main.o 
Info: Nothing to build for RedBlack-EC
15:05:50 **** Incremental Build of configuration Debug for project RedBlack-EC ****
Info: Internal Builder is used for build
g++ -O0 -g3 -Wall -c -fmessage-length=0 -o main.o "..\\main.cpp" 
In file included from ..\main.cpp:7:0:
..\RedBlackTree.h: In member function 'void RBtree::insert(int)':
..\RedBlackTree.h:42:10: warning: unused variable 'i' [-Wunused-variable]
      int i=0;
          ^
..\RedBlackTree.h: In member function 'void RBtree::delfix(node*)':
..\RedBlackTree.h:240:44: warning: statement has no effect [-Wunused-value]
                              s->left->color=='b';
                                            ^
g++ -o RedBlack-EC.exe Fill.o InstructionsHeader.o PrintHeader.o main.o 
15:06:04 **** Incremental Build of configuration Debug for project RedBlack-EC ****
Info: Internal Builder is used for build
g++ -O0 -g3 -Wall -c -fmessage-length=0 -o main.o "..\\main.cpp" 
In file included from ..\main.cpp:7:0:
..\RedBlackTree.h: In member function 'void RBtree::insert(int)':
..\RedBlackTree.h:42:10: warning: unused variable 'i' [-Wunused-variable]
      int i=0;
          ^
..\RedBlackTree.h: In member function 'void RBtree::delfix(node*)':
..\RedBlackTree.h:240:44: warning: statement has no effect [-Wunused-value]
                              s->left->color=='b';
                                            ^
g++ -o RedBlack-EC.exe Fill.o InstructionsHeader.o PrintHeader.o main.o 
Info: Nothing to build for RedBlack-EC
15:06:42 **** Incremental Build of configuration Debug for project RedBlack-EC ****
Info: Internal Builder is used for build
g++ -O0 -g3 -Wall -c -fmessage-length=0 -o main.o "..\\main.cpp" 
In file included from ..\main.cpp:7:0:
..\RedBlackTree.h: In member function 'void RBtree::insert(int)':
..\RedBlackTree.h:42:10: warning: unused variable 'i' [-Wunused-variable]
      int i=0;
          ^
..\RedBlackTree.h: In member function 'void RBtree::delfix(node*)':
..\RedBlackTree.h:240:44: warning: statement has no effect [-Wunused-value]
                              s->left->color=='b';
                                            ^
g++ -o RedBlack-EC.exe Fill.o InstructionsHeader.o PrintHeader.o main.o 
